<?xml version="1.0" encoding="UTF-8"?>
<!-- Generated by org.testng.reporters.JUnitReportReporter -->
<testsuite hostname="DESKTOP-OH8HCEN" failures="0" tests="1" name="com.data_drivern_framework.Test.login_test" time="0.561" errors="0" timestamp="2022-11-20T20:19:33 IST" skipped="0">
  <testcase classname="com.data_drivern_framework.Test.login_test" name="enterCred" time="0.561"/>
  <system-out/>
</testsuite> <!-- com.data_drivern_framework.Test.login_test -->
